<?xml version="1.0" encoding="utf-8"?><testsuites><testsuite name="pytest" errors="0" failures="0" skipped="0" tests="4" time="32.267" timestamp="2023-08-22T11:12:51.708998" hostname="SND17424DAW10P"><testcase classname="Tests.test_ct01_login_valida_TQS_2317.TestCT01" name="test_ct01_login_valido_TQS_2317" time="8.237" /><testcase classname="Tests.test_ct02_login_invalido.TestCT02" name="test_ct02_login_invalido" time="7.382" /><testcase classname="Tests.test_ct03_adicionar_produto_carrinho.TestCT03" name="test_ct03_adicionar_produto_carrinho" time="8.389" /><testcase classname="Tests.test_ct04_compra_um_produto.TestCT04" name="test_ct04_compra_produto_carrinho" time="7.924" /></testsuite></testsuites>